<?xml version="1.0" encoding="UTF-8"?>
<!-- Generated by org.testng.reporters.JUnitXMLReporter -->
<testsuite ignored="0" hostname="DESKTOP-8TLN01N" failures="0" tests="11" name="Default test" time="6.103" errors="0" timestamp="2024-11-07T15:48:17 EET">
  <testcase classname="tests.GetandPost" name="testGet" time="3.664"/>
  <testcase classname="tests.GetandPost" name="testPost" time="0.012"/>
  <testcase classname="tests.GetandPost" name="testPost2" time="0.409"/>
  <testcase classname="tests.PutPatchDelete" name="testDelete" time="0.225"/>
  <testcase classname="tests.PutPatchDelete" name="testPatch" time="0.266"/>
  <testcase classname="tests.PutPatchDelete" name="testPut" time="0.282"/>
  <testcase classname="tests.Get" name="test_1" time="0.125"/>
  <testcase classname="tests.Get" name="test_2" time="0.108"/>
  <testcase classname="tests.SoapXMLRequest" name="validateSoapXML" time="0.653"/>
  <testcase classname="tests.TestsExamples" name="test_1" time="0.095"/>
  <testcase classname="tests.TestsExamples" name="test_2" time="0.099"/>
</testsuite> <!-- Default test -->
