<?xml version="1.0" encoding="UTF-8"?>
<!-- Generated by org.testng.reporters.JUnitXMLReporter -->
<testsuite ignored="0" hostname="DESKTOP-EVQ8K7V" failures="0" tests="11" name="Default test" time="9.354" errors="0" timestamp="2024-11-08T13:38:16 EET">
  <testcase classname="tests.GetandPost" name="testGet" time="6.298"/>
  <testcase classname="tests.GetandPost" name="testPost" time="0.012"/>
  <testcase classname="tests.GetandPost" name="testPost2" time="0.436"/>
  <testcase classname="tests.PutPatchDelete" name="testDelete" time="0.329"/>
  <testcase classname="tests.PutPatchDelete" name="testPatch" time="0.265"/>
  <testcase classname="tests.PutPatchDelete" name="testPut" time="0.294"/>
  <testcase classname="tests.Get" name="test_1" time="0.121"/>
  <testcase classname="tests.Get" name="test_2" time="0.19"/>
  <testcase classname="tests.SoapXMLRequest" name="validateSoapXML" time="0.757"/>
  <testcase classname="tests.TestsExamples" name="test_1" time="0.124"/>
  <testcase classname="tests.TestsExamples" name="test_2" time="0.242"/>
</testsuite> <!-- Default test -->
