<?xml version="1.0" encoding="UTF-8"?>
<testng-results ignored="0" total="11" passed="11" failed="0" skipped="0">
  <reporter-output>
  </reporter-output>
  <suite started-at="2024-11-07T15:48:11 EET" name="Default suite" finished-at="2024-11-07T15:48:17 EET" duration-ms="6103">
    <groups>
    </groups>
    <test started-at="2024-11-07T15:48:11 EET" name="Default test" finished-at="2024-11-07T15:48:17 EET" duration-ms="6103">
      <class name="tests.GetandPost">
        <test-method signature="testGet()[pri:0, instance:tests.GetandPost@290222c1]" started-at="2024-11-07T15:48:11 EET" name="testGet" finished-at="2024-11-07T15:48:15 EET" duration-ms="3664" status="PASS">
          <reporter-output>
          </reporter-output>
        </test-method> <!-- testGet -->
        <test-method signature="testPost()[pri:0, instance:tests.GetandPost@290222c1]" started-at="2024-11-07T15:48:15 EET" name="testPost" finished-at="2024-11-07T15:48:15 EET" duration-ms="12" status="PASS">
          <reporter-output>
          </reporter-output>
        </test-method> <!-- testPost -->
        <test-method signature="testPost2()[pri:0, instance:tests.GetandPost@290222c1]" started-at="2024-11-07T15:48:15 EET" name="testPost2" finished-at="2024-11-07T15:48:15 EET" duration-ms="409" status="PASS">
          <reporter-output>
          </reporter-output>
        </test-method> <!-- testPost2 -->
      </class> <!-- tests.GetandPost -->
      <class name="tests.PutPatchDelete">
        <test-method signature="testDelete()[pri:0, instance:tests.PutPatchDelete@1b11171f]" started-at="2024-11-07T15:48:15 EET" name="testDelete" finished-at="2024-11-07T15:48:16 EET" duration-ms="225" status="PASS">
          <reporter-output>
          </reporter-output>
        </test-method> <!-- testDelete -->
        <test-method signature="testPatch()[pri:0, instance:tests.PutPatchDelete@1b11171f]" started-at="2024-11-07T15:48:16 EET" name="testPatch" finished-at="2024-11-07T15:48:16 EET" duration-ms="266" status="PASS">
          <reporter-output>
          </reporter-output>
        </test-method> <!-- testPatch -->
        <test-method signature="testPut()[pri:0, instance:tests.PutPatchDelete@1b11171f]" started-at="2024-11-07T15:48:16 EET" name="testPut" finished-at="2024-11-07T15:48:16 EET" duration-ms="282" status="PASS">
          <reporter-output>
          </reporter-output>
        </test-method> <!-- testPut -->
      </class> <!-- tests.PutPatchDelete -->
      <class name="tests.Get">
        <test-method signature="test_1()[pri:0, instance:tests.Get@2dc54ad4]" started-at="2024-11-07T15:48:16 EET" name="test_1" finished-at="2024-11-07T15:48:16 EET" duration-ms="125" status="PASS">
          <reporter-output>
          </reporter-output>
        </test-method> <!-- test_1 -->
        <test-method signature="test_2()[pri:0, instance:tests.Get@2dc54ad4]" started-at="2024-11-07T15:48:16 EET" name="test_2" finished-at="2024-11-07T15:48:16 EET" duration-ms="108" status="PASS">
          <reporter-output>
          </reporter-output>
        </test-method> <!-- test_2 -->
      </class> <!-- tests.Get -->
      <class name="tests.SoapXMLRequest">
        <test-method signature="validateSoapXML()[pri:0, instance:tests.SoapXMLRequest@4659191b]" started-at="2024-11-07T15:48:16 EET" name="validateSoapXML" finished-at="2024-11-07T15:48:17 EET" duration-ms="653" status="PASS">
          <reporter-output>
          </reporter-output>
        </test-method> <!-- validateSoapXML -->
      </class> <!-- tests.SoapXMLRequest -->
      <class name="tests.TestsExamples">
        <test-method signature="test_1()[pri:0, instance:tests.TestsExamples@55634720]" started-at="2024-11-07T15:48:17 EET" name="test_1" finished-at="2024-11-07T15:48:17 EET" duration-ms="95" status="PASS">
          <reporter-output>
          </reporter-output>
        </test-method> <!-- test_1 -->
        <test-method signature="test_2()[pri:0, instance:tests.TestsExamples@55634720]" started-at="2024-11-07T15:48:17 EET" name="test_2" finished-at="2024-11-07T15:48:17 EET" duration-ms="99" status="PASS">
          <reporter-output>
          </reporter-output>
        </test-method> <!-- test_2 -->
      </class> <!-- tests.TestsExamples -->
    </test> <!-- Default test -->
  </suite> <!-- Default suite -->
</testng-results>
